<?xml version="1.0" encoding="UTF-8" standalone="no"?>
<testsuite failures="2" name="cucumber.runtime.formatter.JUnitFormatter" skipped="0" tests="2" time="0.360127">
<testcase classname="Is division works?" name="Division by zero is invalid" time="0.348334">
<failure message="io.appium.java_client.service.local.InvalidNodeJSInstance: Node.js is not installed!&#13;&#10;&#9;at io.appium.java_client.service.local.AppiumServiceBuilder.findDefaultExecutable(AppiumServiceBuilder.java:225)&#13;&#10;&#9;at org.openqa.selenium.remote.service.DriverService$Builder.build(DriverService.java:355)&#13;&#10;&#9;at io.appium.java_client.service.local.AppiumDriverLocalService.buildService(AppiumDriverLocalService.java:86)&#13;&#10;&#9;at io.appium.java_client.service.local.AppiumDriverLocalService.buildDefaultService(AppiumDriverLocalService.java:82)&#13;&#10;&#9;at io.appium.java_client.AppiumDriver.&lt;init&gt;(AppiumDriver.java:129)&#13;&#10;&#9;at io.appium.java_client.android.AndroidDriver.&lt;init&gt;(AndroidDriver.java:173)&#13;&#10;&#9;at com.microsoft.appcenter.appium.EnhancedAndroidDriver.&lt;init&gt;(EnhancedAndroidDriver.java:52)&#13;&#10;&#9;at com.microsoft.appcenter.appium.LocalProvider.createAndroidDriver(LocalProvider.java:54)&#13;&#10;&#9;at com.microsoft.appcenter.appium.Factory.createAndroidDriver(Factory.java:177)&#13;&#10;&#9;at com.abi.ontap.automation.utils.DriverFactory.getAndroidDriver(DriverFactory.java:33)&#13;&#10;&#9;at com.abi.ontap.automation.integration.stepdefs.DivisionWorksTests.init(DivisionWorksTests.java:26)&#13;&#10;&#9;at sun.reflect.NativeMethodAccessorImpl.invoke0(Native Method)&#13;&#10;&#9;at sun.reflect.NativeMethodAccessorImpl.invoke(NativeMethodAccessorImpl.java:62)&#13;&#10;&#9;at sun.reflect.DelegatingMethodAccessorImpl.invoke(DelegatingMethodAccessorImpl.java:43)&#13;&#10;&#9;at java.lang.reflect.Method.invoke(Method.java:498)&#13;&#10;&#9;at cucumber.runtime.Utils$1.call(Utils.java:26)&#13;&#10;&#9;at cucumber.runtime.Timeout.timeout(Timeout.java:16)&#13;&#10;&#9;at cucumber.runtime.Utils.invoke(Utils.java:20)&#13;&#10;&#9;at cucumber.runtime.java.JavaHookDefinition.execute(JavaHookDefinition.java:60)&#13;&#10;&#9;at cucumber.runner.HookDefinitionMatch.runStep(HookDefinitionMatch.java:16)&#13;&#10;&#9;at cucumber.runner.TestStep.executeStep(TestStep.java:65)&#13;&#10;&#9;at cucumber.runner.TestStep.run(TestStep.java:50)&#13;&#10;&#9;at cucumber.runner.TestCase.run(TestCase.java:42)&#13;&#10;&#9;at cucumber.runner.Runner.runPickle(Runner.java:50)&#13;&#10;&#9;at cucumber.runtime.junit.PickleRunners$NoStepDescriptions.run(PickleRunners.java:146)&#13;&#10;&#9;at cucumber.runtime.junit.FeatureRunner.runChild(FeatureRunner.java:68)&#13;&#10;&#9;at cucumber.runtime.junit.FeatureRunner.runChild(FeatureRunner.java:23)&#13;&#10;&#9;at org.junit.runners.ParentRunner$3.run(ParentRunner.java:290)&#13;&#10;&#9;at org.junit.runners.ParentRunner$1.schedule(ParentRunner.java:71)&#13;&#10;&#9;at org.junit.runners.ParentRunner.runChildren(ParentRunner.java:288)&#13;&#10;&#9;at org.junit.runners.ParentRunner.access$000(ParentRunner.java:58)&#13;&#10;&#9;at org.junit.runners.ParentRunner$2.evaluate(ParentRunner.java:268)&#13;&#10;&#9;at org.junit.runners.ParentRunner.run(ParentRunner.java:363)&#13;&#10;&#9;at cucumber.runtime.junit.FeatureRunner.run(FeatureRunner.java:73)&#13;&#10;&#9;at cucumber.api.junit.Cucumber.runChild(Cucumber.java:126)&#13;&#10;&#9;at cucumber.api.junit.Cucumber.runChild(Cucumber.java:66)&#13;&#10;&#9;at org.junit.runners.ParentRunner$3.run(ParentRunner.java:290)&#13;&#10;&#9;at org.junit.runners.ParentRunner$1.schedule(ParentRunner.java:71)&#13;&#10;&#9;at org.junit.runners.ParentRunner.runChildren(ParentRunner.java:288)&#13;&#10;&#9;at org.junit.runners.ParentRunner.access$000(ParentRunner.java:58)&#13;&#10;&#9;at org.junit.runners.ParentRunner$2.evaluate(ParentRunner.java:268)&#13;&#10;&#9;at cucumber.api.junit.Cucumber$RunCucumber.evaluate(Cucumber.java:156)&#13;&#10;&#9;at org.junit.runners.ParentRunner.run(ParentRunner.java:363)&#13;&#10;&#9;at org.apache.maven.surefire.junit4.JUnit4Provider.execute(JUnit4Provider.java:365)&#13;&#10;&#9;at org.apache.maven.surefire.junit4.JUnit4Provider.executeWithRerun(JUnit4Provider.java:273)&#13;&#10;&#9;at org.apache.maven.surefire.junit4.JUnit4Provider.executeTestSet(JUnit4Provider.java:238)&#13;&#10;&#9;at org.apache.maven.surefire.junit4.JUnit4Provider.invoke(JUnit4Provider.java:159)&#13;&#10;&#9;at org.apache.maven.surefire.booter.ForkedBooter.invokeProviderInSameClassLoader(ForkedBooter.java:384)&#13;&#10;&#9;at org.apache.maven.surefire.booter.ForkedBooter.runSuitesInProcess(ForkedBooter.java:345)&#13;&#10;&#9;at org.apache.maven.surefire.booter.ForkedBooter.execute(ForkedBooter.java:126)&#13;&#10;&#9;at org.apache.maven.surefire.booter.ForkedBooter.main(ForkedBooter.java:418)&#13;&#10;Caused by: java.lang.NullPointerException: Unable to find executable for: node.exe&#13;&#10;&#9;at com.google.common.base.Preconditions.checkNotNull(Preconditions.java:987)&#13;&#10;&#9;at org.openqa.selenium.os.OsProcess.&lt;init&gt;(OsProcess.java:64)&#13;&#10;&#9;at org.openqa.selenium.os.CommandLine.&lt;init&gt;(CommandLine.java:38)&#13;&#10;&#9;at io.appium.java_client.service.local.AppiumServiceBuilder.findDefaultExecutable(AppiumServiceBuilder.java:219)&#13;&#10;&#9;... 50 more&#13;&#10;"><![CDATA[Given first input for division is 2.........................................skipped
And second input for division is "divide"...................................skipped
And third input for division is 0...........................................skipped
When press "equals".........................................................skipped
Then I should be receive "Can't divide by 0"................................skipped

StackTrace:
io.appium.java_client.service.local.InvalidNodeJSInstance: Node.js is not installed!
	at io.appium.java_client.service.local.AppiumServiceBuilder.findDefaultExecutable(AppiumServiceBuilder.java:225)
	at org.openqa.selenium.remote.service.DriverService$Builder.build(DriverService.java:355)
	at io.appium.java_client.service.local.AppiumDriverLocalService.buildService(AppiumDriverLocalService.java:86)
	at io.appium.java_client.service.local.AppiumDriverLocalService.buildDefaultService(AppiumDriverLocalService.java:82)
	at io.appium.java_client.AppiumDriver.<init>(AppiumDriver.java:129)
	at io.appium.java_client.android.AndroidDriver.<init>(AndroidDriver.java:173)
	at com.microsoft.appcenter.appium.EnhancedAndroidDriver.<init>(EnhancedAndroidDriver.java:52)
	at com.microsoft.appcenter.appium.LocalProvider.createAndroidDriver(LocalProvider.java:54)
	at com.microsoft.appcenter.appium.Factory.createAndroidDriver(Factory.java:177)
	at com.abi.ontap.automation.utils.DriverFactory.getAndroidDriver(DriverFactory.java:33)
	at com.abi.ontap.automation.integration.stepdefs.DivisionWorksTests.init(DivisionWorksTests.java:26)
	at sun.reflect.NativeMethodAccessorImpl.invoke0(Native Method)
	at sun.reflect.NativeMethodAccessorImpl.invoke(NativeMethodAccessorImpl.java:62)
	at sun.reflect.DelegatingMethodAccessorImpl.invoke(DelegatingMethodAccessorImpl.java:43)
	at java.lang.reflect.Method.invoke(Method.java:498)
	at cucumber.runtime.Utils$1.call(Utils.java:26)
	at cucumber.runtime.Timeout.timeout(Timeout.java:16)
	at cucumber.runtime.Utils.invoke(Utils.java:20)
	at cucumber.runtime.java.JavaHookDefinition.execute(JavaHookDefinition.java:60)
	at cucumber.runner.HookDefinitionMatch.runStep(HookDefinitionMatch.java:16)
	at cucumber.runner.TestStep.executeStep(TestStep.java:65)
	at cucumber.runner.TestStep.run(TestStep.java:50)
	at cucumber.runner.TestCase.run(TestCase.java:42)
	at cucumber.runner.Runner.runPickle(Runner.java:50)
	at cucumber.runtime.junit.PickleRunners$NoStepDescriptions.run(PickleRunners.java:146)
	at cucumber.runtime.junit.FeatureRunner.runChild(FeatureRunner.java:68)
	at cucumber.runtime.junit.FeatureRunner.runChild(FeatureRunner.java:23)
	at org.junit.runners.ParentRunner$3.run(ParentRunner.java:290)
	at org.junit.runners.ParentRunner$1.schedule(ParentRunner.java:71)
	at org.junit.runners.ParentRunner.runChildren(ParentRunner.java:288)
	at org.junit.runners.ParentRunner.access$000(ParentRunner.java:58)
	at org.junit.runners.ParentRunner$2.evaluate(ParentRunner.java:268)
	at org.junit.runners.ParentRunner.run(ParentRunner.java:363)
	at cucumber.runtime.junit.FeatureRunner.run(FeatureRunner.java:73)
	at cucumber.api.junit.Cucumber.runChild(Cucumber.java:126)
	at cucumber.api.junit.Cucumber.runChild(Cucumber.java:66)
	at org.junit.runners.ParentRunner$3.run(ParentRunner.java:290)
	at org.junit.runners.ParentRunner$1.schedule(ParentRunner.java:71)
	at org.junit.runners.ParentRunner.runChildren(ParentRunner.java:288)
	at org.junit.runners.ParentRunner.access$000(ParentRunner.java:58)
	at org.junit.runners.ParentRunner$2.evaluate(ParentRunner.java:268)
	at cucumber.api.junit.Cucumber$RunCucumber.evaluate(Cucumber.java:156)
	at org.junit.runners.ParentRunner.run(ParentRunner.java:363)
	at org.apache.maven.surefire.junit4.JUnit4Provider.execute(JUnit4Provider.java:365)
	at org.apache.maven.surefire.junit4.JUnit4Provider.executeWithRerun(JUnit4Provider.java:273)
	at org.apache.maven.surefire.junit4.JUnit4Provider.executeTestSet(JUnit4Provider.java:238)
	at org.apache.maven.surefire.junit4.JUnit4Provider.invoke(JUnit4Provider.java:159)
	at org.apache.maven.surefire.booter.ForkedBooter.invokeProviderInSameClassLoader(ForkedBooter.java:384)
	at org.apache.maven.surefire.booter.ForkedBooter.runSuitesInProcess(ForkedBooter.java:345)
	at org.apache.maven.surefire.booter.ForkedBooter.execute(ForkedBooter.java:126)
	at org.apache.maven.surefire.booter.ForkedBooter.main(ForkedBooter.java:418)
Caused by: java.lang.NullPointerException: Unable to find executable for: node.exe
	at com.google.common.base.Preconditions.checkNotNull(Preconditions.java:987)
	at org.openqa.selenium.os.OsProcess.<init>(OsProcess.java:64)
	at org.openqa.selenium.os.CommandLine.<init>(CommandLine.java:38)
	at io.appium.java_client.service.local.AppiumServiceBuilder.findDefaultExecutable(AppiumServiceBuilder.java:219)
	... 50 more
]]></failure>
</testcase>
<testcase classname="Efetuar login no Sales Force" name="[SEARCH FILTER - CLUBS] &quot;CT01.1&quot;-&quot;Sales Force Login&quot;" time="0.011793">
<failure message="io.appium.java_client.service.local.InvalidNodeJSInstance: Node.js is not installed!&#13;&#10;&#9;at io.appium.java_client.service.local.AppiumServiceBuilder.findDefaultExecutable(AppiumServiceBuilder.java:225)&#13;&#10;&#9;at org.openqa.selenium.remote.service.DriverService$Builder.build(DriverService.java:355)&#13;&#10;&#9;at io.appium.java_client.service.local.AppiumDriverLocalService.buildService(AppiumDriverLocalService.java:86)&#13;&#10;&#9;at io.appium.java_client.service.local.AppiumDriverLocalService.buildDefaultService(AppiumDriverLocalService.java:82)&#13;&#10;&#9;at io.appium.java_client.AppiumDriver.&lt;init&gt;(AppiumDriver.java:129)&#13;&#10;&#9;at io.appium.java_client.android.AndroidDriver.&lt;init&gt;(AndroidDriver.java:173)&#13;&#10;&#9;at com.microsoft.appcenter.appium.EnhancedAndroidDriver.&lt;init&gt;(EnhancedAndroidDriver.java:52)&#13;&#10;&#9;at com.microsoft.appcenter.appium.LocalProvider.createAndroidDriver(LocalProvider.java:54)&#13;&#10;&#9;at com.microsoft.appcenter.appium.Factory.createAndroidDriver(Factory.java:177)&#13;&#10;&#9;at com.abi.ontap.automation.utils.DriverFactory.getAndroidDriver(DriverFactory.java:33)&#13;&#10;&#9;at com.abi.ontap.automation.integration.stepdefs.DivisionWorksTests.init(DivisionWorksTests.java:26)&#13;&#10;&#9;at sun.reflect.NativeMethodAccessorImpl.invoke0(Native Method)&#13;&#10;&#9;at sun.reflect.NativeMethodAccessorImpl.invoke(NativeMethodAccessorImpl.java:62)&#13;&#10;&#9;at sun.reflect.DelegatingMethodAccessorImpl.invoke(DelegatingMethodAccessorImpl.java:43)&#13;&#10;&#9;at java.lang.reflect.Method.invoke(Method.java:498)&#13;&#10;&#9;at cucumber.runtime.Utils$1.call(Utils.java:26)&#13;&#10;&#9;at cucumber.runtime.Timeout.timeout(Timeout.java:16)&#13;&#10;&#9;at cucumber.runtime.Utils.invoke(Utils.java:20)&#13;&#10;&#9;at cucumber.runtime.java.JavaHookDefinition.execute(JavaHookDefinition.java:60)&#13;&#10;&#9;at cucumber.runner.HookDefinitionMatch.runStep(HookDefinitionMatch.java:16)&#13;&#10;&#9;at cucumber.runner.TestStep.executeStep(TestStep.java:65)&#13;&#10;&#9;at cucumber.runner.TestStep.run(TestStep.java:50)&#13;&#10;&#9;at cucumber.runner.TestCase.run(TestCase.java:42)&#13;&#10;&#9;at cucumber.runner.Runner.runPickle(Runner.java:50)&#13;&#10;&#9;at cucumber.runtime.junit.PickleRunners$NoStepDescriptions.run(PickleRunners.java:146)&#13;&#10;&#9;at cucumber.runtime.junit.FeatureRunner.runChild(FeatureRunner.java:68)&#13;&#10;&#9;at cucumber.runtime.junit.FeatureRunner.runChild(FeatureRunner.java:23)&#13;&#10;&#9;at org.junit.runners.ParentRunner$3.run(ParentRunner.java:290)&#13;&#10;&#9;at org.junit.runners.ParentRunner$1.schedule(ParentRunner.java:71)&#13;&#10;&#9;at org.junit.runners.ParentRunner.runChildren(ParentRunner.java:288)&#13;&#10;&#9;at org.junit.runners.ParentRunner.access$000(ParentRunner.java:58)&#13;&#10;&#9;at org.junit.runners.ParentRunner$2.evaluate(ParentRunner.java:268)&#13;&#10;&#9;at org.junit.runners.ParentRunner.run(ParentRunner.java:363)&#13;&#10;&#9;at cucumber.runtime.junit.FeatureRunner.run(FeatureRunner.java:73)&#13;&#10;&#9;at cucumber.api.junit.Cucumber.runChild(Cucumber.java:126)&#13;&#10;&#9;at cucumber.api.junit.Cucumber.runChild(Cucumber.java:66)&#13;&#10;&#9;at org.junit.runners.ParentRunner$3.run(ParentRunner.java:290)&#13;&#10;&#9;at org.junit.runners.ParentRunner$1.schedule(ParentRunner.java:71)&#13;&#10;&#9;at org.junit.runners.ParentRunner.runChildren(ParentRunner.java:288)&#13;&#10;&#9;at org.junit.runners.ParentRunner.access$000(ParentRunner.java:58)&#13;&#10;&#9;at org.junit.runners.ParentRunner$2.evaluate(ParentRunner.java:268)&#13;&#10;&#9;at cucumber.api.junit.Cucumber$RunCucumber.evaluate(Cucumber.java:156)&#13;&#10;&#9;at org.junit.runners.ParentRunner.run(ParentRunner.java:363)&#13;&#10;&#9;at org.apache.maven.surefire.junit4.JUnit4Provider.execute(JUnit4Provider.java:365)&#13;&#10;&#9;at org.apache.maven.surefire.junit4.JUnit4Provider.executeWithRerun(JUnit4Provider.java:273)&#13;&#10;&#9;at org.apache.maven.surefire.junit4.JUnit4Provider.executeTestSet(JUnit4Provider.java:238)&#13;&#10;&#9;at org.apache.maven.surefire.junit4.JUnit4Provider.invoke(JUnit4Provider.java:159)&#13;&#10;&#9;at org.apache.maven.surefire.booter.ForkedBooter.invokeProviderInSameClassLoader(ForkedBooter.java:384)&#13;&#10;&#9;at org.apache.maven.surefire.booter.ForkedBooter.runSuitesInProcess(ForkedBooter.java:345)&#13;&#10;&#9;at org.apache.maven.surefire.booter.ForkedBooter.execute(ForkedBooter.java:126)&#13;&#10;&#9;at org.apache.maven.surefire.booter.ForkedBooter.main(ForkedBooter.java:418)&#13;&#10;Caused by: java.lang.NullPointerException: Unable to find executable for: node.exe&#13;&#10;&#9;at com.google.common.base.Preconditions.checkNotNull(Preconditions.java:987)&#13;&#10;&#9;at org.openqa.selenium.os.OsProcess.&lt;init&gt;(OsProcess.java:64)&#13;&#10;&#9;at org.openqa.selenium.os.CommandLine.&lt;init&gt;(CommandLine.java:38)&#13;&#10;&#9;at io.appium.java_client.service.local.AppiumServiceBuilder.findDefaultExecutable(AppiumServiceBuilder.java:219)&#13;&#10;&#9;... 50 more&#13;&#10;"><![CDATA[Given that I'm logged in "<user>", "<password>".............................skipped
Given I'm in login screen "https://test.salesforce.com".....................skipped
And I fill out the login form "bdrqauser@everis.com.afrdev", "password".....skipped
When I activate the button Login............................................skipped
Then the user is redirected to the home page................................skipped

StackTrace:
io.appium.java_client.service.local.InvalidNodeJSInstance: Node.js is not installed!
	at io.appium.java_client.service.local.AppiumServiceBuilder.findDefaultExecutable(AppiumServiceBuilder.java:225)
	at org.openqa.selenium.remote.service.DriverService$Builder.build(DriverService.java:355)
	at io.appium.java_client.service.local.AppiumDriverLocalService.buildService(AppiumDriverLocalService.java:86)
	at io.appium.java_client.service.local.AppiumDriverLocalService.buildDefaultService(AppiumDriverLocalService.java:82)
	at io.appium.java_client.AppiumDriver.<init>(AppiumDriver.java:129)
	at io.appium.java_client.android.AndroidDriver.<init>(AndroidDriver.java:173)
	at com.microsoft.appcenter.appium.EnhancedAndroidDriver.<init>(EnhancedAndroidDriver.java:52)
	at com.microsoft.appcenter.appium.LocalProvider.createAndroidDriver(LocalProvider.java:54)
	at com.microsoft.appcenter.appium.Factory.createAndroidDriver(Factory.java:177)
	at com.abi.ontap.automation.utils.DriverFactory.getAndroidDriver(DriverFactory.java:33)
	at com.abi.ontap.automation.integration.stepdefs.DivisionWorksTests.init(DivisionWorksTests.java:26)
	at sun.reflect.NativeMethodAccessorImpl.invoke0(Native Method)
	at sun.reflect.NativeMethodAccessorImpl.invoke(NativeMethodAccessorImpl.java:62)
	at sun.reflect.DelegatingMethodAccessorImpl.invoke(DelegatingMethodAccessorImpl.java:43)
	at java.lang.reflect.Method.invoke(Method.java:498)
	at cucumber.runtime.Utils$1.call(Utils.java:26)
	at cucumber.runtime.Timeout.timeout(Timeout.java:16)
	at cucumber.runtime.Utils.invoke(Utils.java:20)
	at cucumber.runtime.java.JavaHookDefinition.execute(JavaHookDefinition.java:60)
	at cucumber.runner.HookDefinitionMatch.runStep(HookDefinitionMatch.java:16)
	at cucumber.runner.TestStep.executeStep(TestStep.java:65)
	at cucumber.runner.TestStep.run(TestStep.java:50)
	at cucumber.runner.TestCase.run(TestCase.java:42)
	at cucumber.runner.Runner.runPickle(Runner.java:50)
	at cucumber.runtime.junit.PickleRunners$NoStepDescriptions.run(PickleRunners.java:146)
	at cucumber.runtime.junit.FeatureRunner.runChild(FeatureRunner.java:68)
	at cucumber.runtime.junit.FeatureRunner.runChild(FeatureRunner.java:23)
	at org.junit.runners.ParentRunner$3.run(ParentRunner.java:290)
	at org.junit.runners.ParentRunner$1.schedule(ParentRunner.java:71)
	at org.junit.runners.ParentRunner.runChildren(ParentRunner.java:288)
	at org.junit.runners.ParentRunner.access$000(ParentRunner.java:58)
	at org.junit.runners.ParentRunner$2.evaluate(ParentRunner.java:268)
	at org.junit.runners.ParentRunner.run(ParentRunner.java:363)
	at cucumber.runtime.junit.FeatureRunner.run(FeatureRunner.java:73)
	at cucumber.api.junit.Cucumber.runChild(Cucumber.java:126)
	at cucumber.api.junit.Cucumber.runChild(Cucumber.java:66)
	at org.junit.runners.ParentRunner$3.run(ParentRunner.java:290)
	at org.junit.runners.ParentRunner$1.schedule(ParentRunner.java:71)
	at org.junit.runners.ParentRunner.runChildren(ParentRunner.java:288)
	at org.junit.runners.ParentRunner.access$000(ParentRunner.java:58)
	at org.junit.runners.ParentRunner$2.evaluate(ParentRunner.java:268)
	at cucumber.api.junit.Cucumber$RunCucumber.evaluate(Cucumber.java:156)
	at org.junit.runners.ParentRunner.run(ParentRunner.java:363)
	at org.apache.maven.surefire.junit4.JUnit4Provider.execute(JUnit4Provider.java:365)
	at org.apache.maven.surefire.junit4.JUnit4Provider.executeWithRerun(JUnit4Provider.java:273)
	at org.apache.maven.surefire.junit4.JUnit4Provider.executeTestSet(JUnit4Provider.java:238)
	at org.apache.maven.surefire.junit4.JUnit4Provider.invoke(JUnit4Provider.java:159)
	at org.apache.maven.surefire.booter.ForkedBooter.invokeProviderInSameClassLoader(ForkedBooter.java:384)
	at org.apache.maven.surefire.booter.ForkedBooter.runSuitesInProcess(ForkedBooter.java:345)
	at org.apache.maven.surefire.booter.ForkedBooter.execute(ForkedBooter.java:126)
	at org.apache.maven.surefire.booter.ForkedBooter.main(ForkedBooter.java:418)
Caused by: java.lang.NullPointerException: Unable to find executable for: node.exe
	at com.google.common.base.Preconditions.checkNotNull(Preconditions.java:987)
	at org.openqa.selenium.os.OsProcess.<init>(OsProcess.java:64)
	at org.openqa.selenium.os.CommandLine.<init>(CommandLine.java:38)
	at io.appium.java_client.service.local.AppiumServiceBuilder.findDefaultExecutable(AppiumServiceBuilder.java:219)
	... 50 more
]]></failure>
</testcase>
</testsuite>
